<?xml version="1.0" encoding="UTF-8"?>
<!-- Generated by org.testng.reporters.JUnitReportReporter -->
<testsuite hostname="LAPTOP-8B78NL6J" failures="0" tests="1" name="TestNgPractice.TestNgReporter.LoginTestDemo" time="6.588" errors="0" timestamp="16 Sep 2022 09:24:03 GMT" skipped="0">
  <testcase classname="TestNgPractice.TestNgReporter.LoginTestDemo" name="LoginDemo" time="6.588"/>
</testsuite> <!-- TestNgPractice.TestNgReporter.LoginTestDemo -->
